c:\algowork\gameframework2d\src\game.c:23: ---==== BEGIN ====---
c:\algowork\gameframework2d\src\gf2d_graphics.c:131: graphics initialized
c:\algowork\gameframework2d\src\gf2d_sprite.c:43: sprite system initialized
c:\algowork\gameframework2d\src\game.c:76: ---==== END ====---
c:\algowork\gameframework2d\src\gf2d_sprite.c:26: sprite system closed
c:\algowork\gameframework2d\src\gf2d_graphics.c:162: graphics closed
c:\algowork\gameframework2d\src\game.c:23: ---==== BEGIN ====---
c:\algowork\gameframework2d\src\gf2d_graphics.c:131: graphics initialized
c:\algowork\gameframework2d\src\gf2d_sprite.c:43: sprite system initialized
c:\algowork\gameframework2d\src\game.c:76: ---==== END ====---
c:\algowork\gameframework2d\src\gf2d_sprite.c:26: sprite system closed
c:\algowork\gameframework2d\src\gf2d_graphics.c:162: graphics closed
c:\algowork\gameframework2d\src\game.c:23: ---==== BEGIN ====---
c:\algowork\gameframework2d\src\gf2d_graphics.c:131: graphics initialized
c:\algowork\gameframework2d\src\gf2d_sprite.c:43: sprite system initialized
c:\algowork\gameframework2d\src\game.c:76: ---==== END ====---
c:\algowork\gameframework2d\src\gf2d_sprite.c:26: sprite system closed
c:\algowork\gameframework2d\src\gf2d_graphics.c:162: graphics closed
c:\algowork\gameframework2d\src\game.c:23: ---==== BEGIN ====---
c:\algowork\gameframework2d\src\gf2d_graphics.c:131: graphics initialized
c:\algowork\gameframework2d\src\gf2d_sprite.c:43: sprite system initialized
c:\algowork\gameframework2d\src\game.c:76: ---==== END ====---
c:\algowork\gameframework2d\src\gf2d_sprite.c:26: sprite system closed
c:\algowork\gameframework2d\src\gf2d_graphics.c:162: graphics closed
c:\algowork\gameframework2d\src\game.c:23: ---==== BEGIN ====---
c:\algowork\gameframework2d\src\gf2d_graphics.c:131: graphics initialized
c:\algowork\gameframework2d\src\gf2d_sprite.c:43: sprite system initialized
c:\algowork\gameframework2d\src\game.c:76: ---==== END ====---
c:\algowork\gameframework2d\src\gf2d_sprite.c:26: sprite system closed
c:\algowork\gameframework2d\src\gf2d_graphics.c:162: graphics closed
c:\algowork\gameframework2d\src\game.c:23: ---==== BEGIN ====---
c:\algowork\gameframework2d\src\gf2d_graphics.c:131: graphics initialized
c:\algowork\gameframework2d\src\gf2d_sprite.c:43: sprite system initialized
c:\algowork\gameframework2d\src\game.c:76: ---==== END ====---
c:\algowork\gameframework2d\src\gf2d_sprite.c:26: sprite system closed
c:\algowork\gameframework2d\src\gf2d_graphics.c:162: graphics closed
c:\algowork\gameframework2d\src\game.c:23: ---==== BEGIN ====---
c:\algowork\gameframework2d\src\gf2d_graphics.c:131: graphics initialized
c:\algowork\gameframework2d\src\gf2d_sprite.c:43: sprite system initialized
c:\algowork\gameframework2d\src\game.c:76: ---==== END ====---
c:\algowork\gameframework2d\src\gf2d_sprite.c:26: sprite system closed
c:\algowork\gameframework2d\src\gf2d_graphics.c:162: graphics closed
c:\algowork\gameframework2d\src\game.c:23: ---==== BEGIN ====---
c:\algowork\gameframework2d\src\gf2d_graphics.c:131: graphics initialized
c:\algowork\gameframework2d\src\gf2d_sprite.c:43: sprite system initialized
c:\algowork\gameframework2d\src\game.c:76: ---==== END ====---
c:\algowork\gameframework2d\src\gf2d_sprite.c:26: sprite system closed
c:\algowork\gameframework2d\src\gf2d_graphics.c:162: graphics closed
c:\algowork\gameframework2d\src\game.c:29: ---==== BEGIN ====---
c:\algowork\gameframework2d\src\gf2d_graphics.c:131: graphics initialized
c:\algowork\gameframework2d\src\gf2d_sprite.c:43: sprite system initialized
c:\algowork\gameframework2d\src\game.c:88: ---==== END ====---
c:\algowork\gameframework2d\src\gf2d_sprite.c:26: sprite system closed
c:\algowork\gameframework2d\src\gf2d_graphics.c:162: graphics closed
c:\algowork\gameframework2d\src\game.c:29: ---==== BEGIN ====---
c:\algowork\gameframework2d\src\gf2d_graphics.c:131: graphics initialized
c:\algowork\gameframework2d\src\gf2d_sprite.c:43: sprite system initialized
c:\algowork\gameframework2d\src\game.c:29: ---==== BEGIN ====---
c:\algowork\gameframework2d\src\gf2d_graphics.c:131: graphics initialized
c:\algowork\gameframework2d\src\gf2d_sprite.c:43: sprite system initialized
c:\algowork\gameframework2d\src\game.c:89: ---==== END ====---
c:\algowork\gameframework2d\src\gf2d_sprite.c:26: sprite system closed
c:\algowork\gameframework2d\src\gf2d_graphics.c:162: graphics closed
c:\algowork\gameframework2d\src\game.c:29: ---==== BEGIN ====---
c:\algowork\gameframework2d\src\gf2d_graphics.c:131: graphics initialized
c:\algowork\gameframework2d\src\gf2d_sprite.c:43: sprite system initialized
c:\algowork\gameframework2d\src\game.c:89: ---==== END ====---
c:\algowork\gameframework2d\src\gf2d_sprite.c:26: sprite system closed
c:\algowork\gameframework2d\src\gf2d_graphics.c:162: graphics closed
c:\algowork\gameframework2d\src\game.c:29: ---==== BEGIN ====---
c:\algowork\gameframework2d\src\gf2d_graphics.c:131: graphics initialized
c:\algowork\gameframework2d\src\gf2d_sprite.c:43: sprite system initialized
c:\algowork\gameframework2d\src\game.c:29: ---==== BEGIN ====---
c:\algowork\gameframework2d\src\gf2d_graphics.c:131: graphics initialized
c:\algowork\gameframework2d\src\gf2d_sprite.c:43: sprite system initialized
c:\algowork\gameframework2d\src\game.c:29: ---==== BEGIN ====---
c:\algowork\gameframework2d\src\gf2d_graphics.c:131: graphics initialized
c:\algowork\gameframework2d\src\gf2d_sprite.c:43: sprite system initialized
c:\algowork\gameframework2d\src\game.c:29: ---==== BEGIN ====---
c:\algowork\gameframework2d\src\gf2d_graphics.c:131: graphics initialized
c:\algowork\gameframework2d\src\gf2d_sprite.c:43: sprite system initialized
c:\algowork\gameframework2d\src\game.c:29: ---==== BEGIN ====---
c:\algowork\gameframework2d\src\gf2d_graphics.c:131: graphics initialized
c:\algowork\gameframework2d\src\gf2d_sprite.c:43: sprite system initialized
c:\algowork\gameframework2d\src\game.c:29: ---==== BEGIN ====---
c:\algowork\gameframework2d\src\gf2d_graphics.c:131: graphics initialized
c:\algowork\gameframework2d\src\gf2d_sprite.c:43: sprite system initialized
c:\algowork\gameframework2d\src\game.c:92: ---==== END ====---
c:\algowork\gameframework2d\src\gf2d_sprite.c:26: sprite system closed
c:\algowork\gameframework2d\src\gf2d_graphics.c:162: graphics closed
c:\algowork\gameframework2d\src\game.c:29: ---==== BEGIN ====---
c:\algowork\gameframework2d\src\gf2d_graphics.c:131: graphics initialized
c:\algowork\gameframework2d\src\gf2d_sprite.c:43: sprite system initialized
c:\algowork\gameframework2d\src\game.c:92: ---==== END ====---
c:\algowork\gameframework2d\src\gf2d_sprite.c:26: sprite system closed
c:\algowork\gameframework2d\src\gf2d_graphics.c:162: graphics closed
