c:\algowork\prioque\src\game.c:79: ---==== BEGIN ====---
c:\algowork\prioque\src\gf2d_graphics.c:132: graphics initialized
c:\algowork\prioque\src\gf2d_sprite.c:44: sprite system initialized
c:\algowork\prioque\src\gf2d_sprite.c:145: failed to load sprite image images/backgrounds/bg_flat.png
c:\algowork\prioque\src\gf2d_sprite.c:145: failed to load sprite image images/brick.png
c:\algowork\prioque\src\gf2d_sprite.c:145: failed to load sprite image images/pointer.png
c:\algowork\prioque\src\game.c:128: Rendering at 2.506266 FPS
c:\algowork\prioque\src\game.c:128: Rendering at 55.555557 FPS
c:\algowork\prioque\src\game.c:128: Rendering at 52.631580 FPS
c:\algowork\prioque\src\game.c:128: Rendering at 55.555557 FPS
c:\algowork\prioque\src\game.c:128: Rendering at 52.631580 FPS
c:\algowork\prioque\src\game.c:128: Rendering at 58.823528 FPS
c:\algowork\prioque\src\game.c:128: Rendering at 58.823528 FPS
c:\algowork\prioque\src\game.c:128: Rendering at 58.823528 FPS
c:\algowork\prioque\src\game.c:128: Rendering at 55.555557 FPS
c:\algowork\prioque\src\game.c:128: Rendering at 58.823528 FPS
c:\algowork\prioque\src\game.c:128: Rendering at 58.823528 FPS
c:\algowork\prioque\src\game.c:128: Rendering at 55.555557 FPS
c:\algowork\prioque\src\game.c:128: Rendering at 58.823528 FPS
c:\algowork\prioque\src\game.c:128: Rendering at 58.823528 FPS
c:\algowork\prioque\src\game.c:128: Rendering at 58.823528 FPS
c:\algowork\prioque\src\game.c:128: Rendering at 55.555557 FPS
c:\algowork\prioque\src\game.c:128: Rendering at 52.631580 FPS
c:\algowork\prioque\src\game.c:128: Rendering at 58.823528 FPS
c:\algowork\prioque\src\game.c:128: Rendering at 58.823528 FPS
c:\algowork\prioque\src\game.c:128: Rendering at 58.823528 FPS
c:\algowork\prioque\src\game.c:128: Rendering at 58.823528 FPS
c:\algowork\prioque\src\game.c:128: Rendering at 55.555557 FPS
c:\algowork\prioque\src\game.c:128: Rendering at 58.823528 FPS
c:\algowork\prioque\src\game.c:128: Rendering at 58.823528 FPS
c:\algowork\prioque\src\game.c:128: Rendering at 58.823528 FPS
c:\algowork\prioque\src\game.c:128: Rendering at 58.823528 FPS
c:\algowork\prioque\src\game.c:128: Rendering at 55.555557 FPS
c:\algowork\prioque\src\game.c:128: Rendering at 58.823528 FPS
c:\algowork\prioque\src\game.c:128: Rendering at 58.823528 FPS
c:\algowork\prioque\src\game.c:128: Rendering at 58.823528 FPS
c:\algowork\prioque\src\game.c:128: Rendering at 58.823528 FPS
c:\algowork\prioque\src\game.c:128: Rendering at 55.555557 FPS
c:\algowork\prioque\src\game.c:128: Rendering at 41.666668 FPS
c:\algowork\prioque\src\game.c:128: Rendering at 58.823528 FPS
c:\algowork\prioque\src\game.c:128: Rendering at 58.823528 FPS
c:\algowork\prioque\src\game.c:128: Rendering at 58.823528 FPS
c:\algowork\prioque\src\game.c:128: Rendering at 58.823528 FPS
c:\algowork\prioque\src\game.c:128: Rendering at 58.823528 FPS
c:\algowork\prioque\src\game.c:128: Rendering at 58.823528 FPS
c:\algowork\prioque\src\game.c:128: Rendering at 58.823528 FPS
c:\algowork\prioque\src\game.c:128: Rendering at 58.823528 FPS
c:\algowork\prioque\src\game.c:128: Rendering at 58.823528 FPS
c:\algowork\prioque\src\game.c:128: Rendering at 58.823528 FPS
c:\algowork\prioque\src\game.c:128: Rendering at 58.823528 FPS
c:\algowork\prioque\src\game.c:128: Rendering at 58.823528 FPS
c:\algowork\prioque\src\game.c:128: Rendering at 58.823528 FPS
c:\algowork\prioque\src\game.c:128: Rendering at 52.631580 FPS
c:\algowork\prioque\src\game.c:128: Rendering at 58.823528 FPS
c:\algowork\prioque\src\game.c:128: Rendering at 50.000000 FPS
c:\algowork\prioque\src\game.c:128: Rendering at 58.823528 FPS
c:\algowork\prioque\src\game.c:128: Rendering at 58.823528 FPS
c:\algowork\prioque\src\game.c:128: Rendering at 58.823528 FPS
c:\algowork\prioque\src\game.c:128: Rendering at 58.823528 FPS
c:\algowork\prioque\src\game.c:128: Rendering at 58.823528 FPS
c:\algowork\prioque\src\game.c:128: Rendering at 58.823528 FPS
c:\algowork\prioque\src\game.c:128: Rendering at 58.823528 FPS
c:\algowork\prioque\src\game.c:128: Rendering at 55.555557 FPS
c:\algowork\prioque\src\game.c:128: Rendering at 55.555557 FPS
c:\algowork\prioque\src\game.c:128: Rendering at 58.823528 FPS
c:\algowork\prioque\src\game.c:128: Rendering at 55.555557 FPS
c:\algowork\prioque\src\game.c:128: Rendering at 55.555557 FPS
c:\algowork\prioque\src\game.c:128: Rendering at 58.823528 FPS
c:\algowork\prioque\src\game.c:128: Rendering at 55.555557 FPS
c:\algowork\prioque\src\game.c:128: Rendering at 55.555557 FPS
c:\algowork\prioque\src\game.c:128: Rendering at 58.823528 FPS
c:\algowork\prioque\src\game.c:128: Rendering at 55.555557 FPS
c:\algowork\prioque\src\game.c:128: Rendering at 58.823528 FPS
c:\algowork\prioque\src\game.c:128: Rendering at 55.555557 FPS
c:\algowork\prioque\src\game.c:128: Rendering at 58.823528 FPS
c:\algowork\prioque\src\game.c:128: Rendering at 55.555557 FPS
c:\algowork\prioque\src\game.c:128: Rendering at 58.823528 FPS
c:\algowork\prioque\src\game.c:128: Rendering at 58.823528 FPS
c:\algowork\prioque\src\game.c:128: Rendering at 55.555557 FPS
c:\algowork\prioque\src\game.c:128: Rendering at 55.555557 FPS
c:\algowork\prioque\src\game.c:128: Rendering at 58.823528 FPS
c:\algowork\prioque\src\game.c:128: Rendering at 55.555557 FPS
c:\algowork\prioque\src\game.c:128: Rendering at 50.000000 FPS
c:\algowork\prioque\src\game.c:128: Rendering at 58.823528 FPS
c:\algowork\prioque\src\game.c:128: Rendering at 58.823528 FPS
c:\algowork\prioque\src\game.c:128: Rendering at 58.823528 FPS
c:\algowork\prioque\src\game.c:128: Rendering at 58.823528 FPS
c:\algowork\prioque\src\game.c:128: Rendering at 55.555557 FPS
c:\algowork\prioque\src\game.c:128: Rendering at 55.555557 FPS
c:\algowork\prioque\src\game.c:128: Rendering at 55.555557 FPS
c:\algowork\prioque\src\game.c:128: Rendering at 55.555557 FPS
c:\algowork\prioque\src\game.c:128: Rendering at 58.823528 FPS
c:\algowork\prioque\src\game.c:128: Rendering at 58.823528 FPS
c:\algowork\prioque\src\game.c:128: Rendering at 58.823528 FPS
c:\algowork\prioque\src\game.c:128: Rendering at 58.823528 FPS
c:\algowork\prioque\src\game.c:128: Rendering at 58.823528 FPS
c:\algowork\prioque\src\game.c:128: Rendering at 55.555557 FPS
c:\algowork\prioque\src\game.c:128: Rendering at 58.823528 FPS
c:\algowork\prioque\src\game.c:128: Rendering at 58.823528 FPS
c:\algowork\prioque\src\game.c:128: Rendering at 55.555557 FPS
c:\algowork\prioque\src\game.c:128: Rendering at 58.823528 FPS
c:\algowork\prioque\src\game.c:128: Rendering at 55.555557 FPS
c:\algowork\prioque\src\game.c:128: Rendering at 41.666668 FPS
c:\algowork\prioque\src\game.c:128: Rendering at 55.555557 FPS
c:\algowork\prioque\src\game.c:128: Rendering at 52.631580 FPS
c:\algowork\prioque\src\game.c:128: Rendering at 58.823528 FPS
c:\algowork\prioque\src\game.c:128: Rendering at 58.823528 FPS
c:\algowork\prioque\src\game.c:128: Rendering at 58.823528 FPS
c:\algowork\prioque\src\game.c:128: Rendering at 58.823528 FPS
c:\algowork\prioque\src\game.c:128: Rendering at 55.555557 FPS
c:\algowork\prioque\src\game.c:128: Rendering at 52.631580 FPS
c:\algowork\prioque\src\game.c:128: Rendering at 58.823528 FPS
c:\algowork\prioque\src\game.c:128: Rendering at 58.823528 FPS
c:\algowork\prioque\src\game.c:128: Rendering at 55.555557 FPS
c:\algowork\prioque\src\game.c:128: Rendering at 52.631580 FPS
c:\algowork\prioque\src\game.c:128: Rendering at 55.555557 FPS
c:\algowork\prioque\src\game.c:128: Rendering at 55.555557 FPS
c:\algowork\prioque\src\game.c:128: Rendering at 58.823528 FPS
c:\algowork\prioque\src\game.c:128: Rendering at 58.823528 FPS
c:\algowork\prioque\src\game.c:128: Rendering at 58.823528 FPS
c:\algowork\prioque\src\game.c:128: Rendering at 55.555557 FPS
c:\algowork\prioque\src\game.c:128: Rendering at 58.823528 FPS
c:\algowork\prioque\src\game.c:128: Rendering at 58.823528 FPS
c:\algowork\prioque\src\game.c:128: Rendering at 58.823528 FPS
c:\algowork\prioque\src\game.c:128: Rendering at 55.555557 FPS
c:\algowork\prioque\src\game.c:128: Rendering at 58.823528 FPS
c:\algowork\prioque\src\game.c:128: Rendering at 58.823528 FPS
c:\algowork\prioque\src\game.c:128: Rendering at 58.823528 FPS
c:\algowork\prioque\src\game.c:128: Rendering at 55.555557 FPS
c:\algowork\prioque\src\game.c:128: Rendering at 58.823528 FPS
c:\algowork\prioque\src\game.c:128: Rendering at 55.555557 FPS
c:\algowork\prioque\src\game.c:128: Rendering at 58.823528 FPS
c:\algowork\prioque\src\game.c:128: Rendering at 58.823528 FPS
c:\algowork\prioque\src\game.c:128: Rendering at 55.555557 FPS
c:\algowork\prioque\src\game.c:128: Rendering at 52.631580 FPS
c:\algowork\prioque\src\game.c:128: Rendering at 58.823528 FPS
c:\algowork\prioque\src\game.c:128: Rendering at 55.555557 FPS
c:\algowork\prioque\src\game.c:128: Rendering at 58.823528 FPS
c:\algowork\prioque\src\game.c:128: Rendering at 58.823528 FPS
c:\algowork\prioque\src\game.c:128: Rendering at 55.555557 FPS
c:\algowork\prioque\src\game.c:128: Rendering at 58.823528 FPS
c:\algowork\prioque\src\game.c:128: Rendering at 58.823528 FPS
c:\algowork\prioque\src\game.c:128: Rendering at 58.823528 FPS
c:\algowork\prioque\src\game.c:128: Rendering at 55.555557 FPS
c:\algowork\prioque\src\game.c:128: Rendering at 58.823528 FPS
c:\algowork\prioque\src\game.c:128: Rendering at 55.555557 FPS
c:\algowork\prioque\src\game.c:128: Rendering at 58.823528 FPS
c:\algowork\prioque\src\game.c:128: Rendering at 55.555557 FPS
c:\algowork\prioque\src\game.c:128: Rendering at 58.823528 FPS
c:\algowork\prioque\src\game.c:128: Rendering at 55.555557 FPS
c:\algowork\prioque\src\game.c:128: Rendering at 58.823528 FPS
c:\algowork\prioque\src\game.c:128: Rendering at 55.555557 FPS
c:\algowork\prioque\src\game.c:128: Rendering at 55.555557 FPS
c:\algowork\prioque\src\game.c:128: Rendering at 55.555557 FPS
c:\algowork\prioque\src\game.c:128: Rendering at 58.823528 FPS
c:\algowork\prioque\src\game.c:128: Rendering at 58.823528 FPS
c:\algowork\prioque\src\game.c:128: Rendering at 55.555557 FPS
c:\algowork\prioque\src\game.c:128: Rendering at 55.555557 FPS
c:\algowork\prioque\src\game.c:128: Rendering at 55.555557 FPS
c:\algowork\prioque\src\game.c:128: Rendering at 58.823528 FPS
c:\algowork\prioque\src\game.c:128: Rendering at 58.823528 FPS
c:\algowork\prioque\src\game.c:128: Rendering at 55.555557 FPS
c:\algowork\prioque\src\game.c:128: Rendering at 55.555557 FPS
c:\algowork\prioque\src\game.c:128: Rendering at 58.823528 FPS
c:\algowork\prioque\src\game.c:128: Rendering at 55.555557 FPS
c:\algowork\prioque\src\game.c:128: Rendering at 58.823528 FPS
c:\algowork\prioque\src\game.c:128: Rendering at 55.555557 FPS
c:\algowork\prioque\src\game.c:128: Rendering at 55.555557 FPS
c:\algowork\prioque\src\game.c:128: Rendering at 55.555557 FPS
c:\algowork\prioque\src\game.c:128: Rendering at 55.555557 FPS
c:\algowork\prioque\src\game.c:128: Rendering at 55.555557 FPS
c:\algowork\prioque\src\game.c:128: Rendering at 55.555557 FPS
c:\algowork\prioque\src\game.c:128: Rendering at 55.555557 FPS
c:\algowork\prioque\src\game.c:128: Rendering at 55.555557 FPS
c:\algowork\prioque\src\game.c:128: Rendering at 58.823528 FPS
c:\algowork\prioque\src\game.c:128: Rendering at 58.823528 FPS
c:\algowork\prioque\src\game.c:128: Rendering at 58.823528 FPS
c:\algowork\prioque\src\game.c:128: Rendering at 58.823528 FPS
c:\algowork\prioque\src\game.c:128: Rendering at 55.555557 FPS
c:\algowork\prioque\src\game.c:128: Rendering at 55.555557 FPS
c:\algowork\prioque\src\game.c:128: Rendering at 55.555557 FPS
c:\algowork\prioque\src\game.c:128: Rendering at 55.555557 FPS
c:\algowork\prioque\src\game.c:128: Rendering at 55.555557 FPS
c:\algowork\prioque\src\game.c:128: Rendering at 55.555557 FPS
c:\algowork\prioque\src\game.c:128: Rendering at 58.823528 FPS
c:\algowork\prioque\src\game.c:128: Rendering at 58.823528 FPS
c:\algowork\prioque\src\game.c:128: Rendering at 58.823528 FPS
c:\algowork\prioque\src\game.c:128: Rendering at 58.823528 FPS
c:\algowork\prioque\src\game.c:128: Rendering at 58.823528 FPS
c:\algowork\prioque\src\game.c:128: Rendering at 58.823528 FPS
c:\algowork\prioque\src\game.c:128: Rendering at 55.555557 FPS
c:\algowork\prioque\src\game.c:128: Rendering at 55.555557 FPS
c:\algowork\prioque\src\game.c:128: Rendering at 55.555557 FPS
c:\algowork\prioque\src\game.c:128: Rendering at 55.555557 FPS
c:\algowork\prioque\src\game.c:128: Rendering at 55.555557 FPS
c:\algowork\prioque\src\game.c:128: Rendering at 55.555557 FPS
c:\algowork\prioque\src\game.c:128: Rendering at 55.555557 FPS
c:\algowork\prioque\src\game.c:128: Rendering at 55.555557 FPS
c:\algowork\prioque\src\game.c:128: Rendering at 55.555557 FPS
c:\algowork\prioque\src\game.c:128: Rendering at 55.555557 FPS
c:\algowork\prioque\src\game.c:128: Rendering at 58.823528 FPS
c:\algowork\prioque\src\game.c:128: Rendering at 55.555557 FPS
c:\algowork\prioque\src\game.c:128: Rendering at 55.555557 FPS
c:\algowork\prioque\src\game.c:128: Rendering at 55.555557 FPS
c:\algowork\prioque\src\game.c:128: Rendering at 55.555557 FPS
c:\algowork\prioque\src\game.c:128: Rendering at 55.555557 FPS
c:\algowork\prioque\src\game.c:128: Rendering at 47.619049 FPS
c:\algowork\prioque\src\game.c:128: Rendering at 55.555557 FPS
c:\algowork\prioque\src\game.c:128: Rendering at 58.823528 FPS
c:\algowork\prioque\src\game.c:128: Rendering at 58.823528 FPS
c:\algowork\prioque\src\game.c:128: Rendering at 55.555557 FPS
c:\algowork\prioque\src\game.c:128: Rendering at 55.555557 FPS
c:\algowork\prioque\src\game.c:128: Rendering at 55.555557 FPS
c:\algowork\prioque\src\game.c:128: Rendering at 58.823528 FPS
c:\algowork\prioque\src\game.c:128: Rendering at 55.555557 FPS
c:\algowork\prioque\src\game.c:128: Rendering at 55.555557 FPS
c:\algowork\prioque\src\game.c:128: Rendering at 55.555557 FPS
c:\algowork\prioque\src\game.c:130: ---==== END ====---
c:\algowork\prioque\src\gf2d_sprite.c:27: sprite system closed
c:\algowork\prioque\src\gf2d_graphics.c:163: graphics closed
