c:\algowork\gameframework2d\win32\gf2d\debug\vc141.pdb
c:\algowork\gameframework2d\win32\gf2d\debug\vc141.idb
c:\algowork\gameframework2d\win32\gf2d\debug\gf2d_draw.obj
c:\algowork\gameframework2d\win32\gf2d\debug\gf2d_graphics.obj
c:\algowork\gameframework2d\win32\gf2d\debug\gf2d_sprite.obj
c:\algowork\gameframework2d\win32\gf2d\debug\gf2d_vector.obj
c:\algowork\gameframework2d\win32\gf2d\debug\simple_logger.obj
c:\algowork\gameframework2d\win32\gf2d\debug\tilemap.obj
c:\algowork\gameframework2d\win32\gf2d\debug\linklist.obj
c:\algowork\gameframework2d\win32\gf2d\debug\breadth.obj
c:\algowork\gameframework2d\win32\gf2d\debug\game.obj
c:\algowork\gameframework2d\win32\gf2d\debug\linkedlist.obj
c:\algowork\gameframework2d\gf2d.ilk
c:\algowork\gameframework2d\gf2d.exe
c:\algowork\gameframework2d\gf2d.pdb
c:\algowork\gameframework2d\win32\gf2d\..\..\gf2d.exe
c:\algowork\gameframework2d\win32\gf2d\debug\gf2d.tlog\cl.command.1.tlog
c:\algowork\gameframework2d\win32\gf2d\debug\gf2d.tlog\cl.read.1.tlog
c:\algowork\gameframework2d\win32\gf2d\debug\gf2d.tlog\cl.write.1.tlog
c:\algowork\gameframework2d\win32\gf2d\debug\gf2d.tlog\link.command.1.tlog
c:\algowork\gameframework2d\win32\gf2d\debug\gf2d.tlog\link.read.1.tlog
c:\algowork\gameframework2d\win32\gf2d\debug\gf2d.tlog\link.write.1.tlog
